<?xml version="1.0" encoding="UTF-8"?>
<!-- Generated by org.testng.reporters.JUnitReportReporter -->
<testsuite skipped="0" hostname="SrinivasJami" name="sampleMaven.MavenJenkins.AppTest" tests="1" failures="0" timestamp="13 Mar 2019 16:46:56 GMT" time="25.590" errors="0">
  <testcase name="testcase" time="25.590" classname="sampleMaven.MavenJenkins.AppTest"/>
</testsuite> <!-- sampleMaven.MavenJenkins.AppTest -->
