<?xml version="1.0" encoding="UTF-8"?>
<!-- Generated by org.testng.reporters.JUnitReportReporter -->
<testsuite skipped="0" hostname="SrinivasJami" name="sampleMaven.MavenJenkins.AppTest" tests="1" failures="0" timestamp="14 Mar 2019 10:45:35 GMT" time="25.560" errors="0">
  <testcase name="testcase" time="25.560" classname="sampleMaven.MavenJenkins.AppTest"/>
</testsuite> <!-- sampleMaven.MavenJenkins.AppTest -->
